\BOOKMARK [0][-]{section*.2}{\376\377\004\027\004\076\004\105\004\070\004\076\004\063\004\107\004\070\004\071\004\075\000\040\004\115\004\100\004\105\000\040\004\105\004\060\004\074\004\063\004\060\004\060\004\073\004\060\004\073}{}% 1
\BOOKMARK [0][-]{section*.2}{\376\377\004\045\004\103\004\100\004\060\004\060\004\075\004\063\004\103\004\071}{}% 2
\BOOKMARK [0][-]{section*.3}{\376\377\004\042\004\060\004\073\004\060\004\100\004\105\004\060\004\073}{}% 3
\BOOKMARK [0][-]{table.0.1}{\376\377\004\042\004\076\004\062\004\107\004\070\004\073\004\101\004\076\004\075\000\040\004\257\004\063\004\101}{}% 4
\BOOKMARK [0][-]{chapter*.7}{\376\377\004\043\004\064\004\070\004\100\004\102\004\063\004\060\004\073}{}% 5
\BOOKMARK [0][-]{chapter.21}{\376\377\004\036\004\035\004\036\004\033\004\053\004\035\000\040\004\256\004\035\004\024\004\055\004\041\000\040\004\021\004\020\000\040\004\042\004\025\004\045\004\035\004\036\004\033\004\036\004\023\004\030\004\031\004\035\000\040\004\041\004\043\004\024\004\020\004\033\004\023\004\020\004\020}{}% 6
\BOOKMARK [1][-]{section.22}{\376\377\004\034\004\076\004\061\004\060\004\071\004\073\000\040\004\060\004\077\004\077\000\040\004\105\004\351\004\063\004\066\004\257\004\257\004\073\004\115\004\073\004\102\004\070\004\071\004\075\000\040\004\076\004\100\004\107\004\070\004\075\000\040\004\257\004\065\004\070\004\071\004\075\000\040\004\060\004\100\004\063\004\060\000\040\004\105\004\060\004\075\004\064\004\073\004\060\004\063\004\060}{chapter.21}% 7
\BOOKMARK [1][-]{section.24}{\376\377\000F\000l\000u\000t\000t\000e\000r\000\040\004\104\004\100\004\065\004\071\004\074\004\062\004\076\004\100\004\072\000\040\004\061\004\060\000\040\000D\000a\000r\000t\000\040\004\105\004\115\004\073}{chapter.21}% 8
\BOOKMARK [2][-]{subsection.25}{\376\377\000F\000l\000u\000t\000t\000e\000r\000-\004\070\004\071\004\063\000\040\004\101\004\076\004\075\004\063\004\076\004\101\004\076\004\075\000\040\004\257\004\075\004\064\004\115\004\101\004\073\004\115\004\073}{section.24}% 9
\BOOKMARK [2][-]{subsection.27}{\376\377\000F\000l\000u\000t\000t\000e\000r\000-\004\070\004\071\004\075\000\040\004\102\004\103\004\105\004\060\004\071}{section.24}% 10
\BOOKMARK [2][-]{subsection.28}{\376\377\000D\000a\000r\000t\000\040\004\077\004\100\004\076\004\063\004\100\004\060\004\074\004\107\004\073\004\060\004\073\004\113\004\075\000\040\004\105\004\115\004\073}{section.24}% 11
\BOOKMARK [2][-]{subsection.29}{\376\377\000S\000t\000a\000t\000e\000f\000u\000l\000W\000i\000d\000g\000e\000t\000\040\004\061\004\060\000\040\000s\000e\000t\000S\000t\000a\000t\000e\000-\004\064\000\040\004\101\004\103\004\103\004\100\004\070\004\073\004\101\004\060\004\075\000\040\004\102\004\351\004\073\004\062\004\070\004\071\004\075\000\040\004\103\004\064\004\070\004\100\004\064\004\073\004\060\004\063\004\060}{section.24}% 12
\BOOKMARK [1][-]{section.48}{\376\377\000F\000i\000r\000e\000b\000a\000s\000e\000\040\004\061\004\115\004\072\004\115\004\075\004\064\000\040\004\257\004\071\004\073\004\107\004\070\004\073\004\063\004\115\004\115}{chapter.21}% 13
\BOOKMARK [2][-]{subsection.49}{\376\377\000C\000l\000o\000u\000d\000\040\000F\000i\000r\000e\000s\000t\000o\000r\000e}{section.48}% 14
\BOOKMARK [2][-]{subsection.50}{\376\377\000F\000i\000r\000e\000b\000a\000s\000e\000\040\000A\000u\000t\000h\000e\000n\000t\000i\000c\000a\000t\000i\000o\000n}{section.48}% 15
\BOOKMARK [2][-]{subsection.51}{\376\377\000F\000i\000r\000e\000b\000a\000s\000e\000\040\000C\000l\000o\000u\000d\000\040\000F\000u\000n\000c\000t\000i\000o\000n\000s}{section.48}% 16
\BOOKMARK [1][-]{section.52}{\376\377\000N\000o\000d\000e\000.\000j\000s\000\040\004\061\004\076\004\073\004\076\004\075\000\040\000E\000x\000p\000r\000e\000s\000s\000.\000j\000s\000\040\004\061\004\115\004\072\004\115\004\075\004\064}{chapter.21}% 17
\BOOKMARK [2][-]{subsection.53}{\376\377\000N\000o\000d\000e\000.\000j\000s}{section.52}% 18
\BOOKMARK [2][-]{subsection.54}{\376\377\000E\000x\000p\000r\000e\000s\000s\000.\000j\000s\000\040\004\104\004\100\004\065\004\071\004\074\004\062\004\076\004\100\004\072}{section.52}% 19
\BOOKMARK [2][-]{subsection.56}{\376\377\000R\000E\000S\000T\000\040\000A\000P\000I\000\040\004\060\004\100\004\105\004\070\004\102\004\065\004\072\004\102\004\103\004\100}{section.52}% 20
\BOOKMARK [1][-]{section.57}{\376\377\000D\000o\000c\000k\000e\000r\000\040\004\072\004\076\004\075\004\102\004\065\004\071\004\075\004\065\004\100\004\066\004\103\004\103\004\073\004\060\004\073\004\102}{chapter.21}% 21
\BOOKMARK [1][-]{section.66}{\376\377\000A\000W\000S\000\040\004\064\004\115\004\064\000\040\004\061\004\257\004\102\004\115\004\106}{chapter.21}% 22
\BOOKMARK [2][-]{subsection.67}{\376\377\000A\000m\000a\000z\000o\000n\000\040\000E\000C\0002}{section.66}% 23
\BOOKMARK [2][-]{subsection.68}{\376\377\000A\000m\000a\000z\000o\000n\000\040\000E\000C\000R}{section.66}% 24
\BOOKMARK [1][-]{section.69}{\376\377\000G\000i\000t\000H\000u\000b\000\040\000A\000c\000t\000i\000o\000n\000s\000\040\000C\000I\000/\000C\000D}{chapter.21}% 25
\BOOKMARK [1][-]{section.76}{\376\377\000A\000I\000\040\004\257\004\071\004\073\004\107\004\070\004\073\004\063\004\115\004\115\004\075\004\257\004\257\004\064}{chapter.21}% 26
\BOOKMARK [2][-]{subsection.77}{\376\377\000A\000n\000t\000h\000r\000o\000p\000i\000c\000\040\000C\000l\000a\000u\000d\000e\000\040\000H\000a\000i\000k\000u}{section.76}% 27
\BOOKMARK [2][-]{subsection.78}{\376\377\000G\000r\000o\000q\000\040\000L\000l\000a\000m\000a\000\040\0003\000.\0001\000-\0008\000b}{section.76}% 28
\BOOKMARK [1][-]{section.79}{\376\377\000f\000l\000u\000t\000t\000e\000r\000\137\000l\000o\000c\000a\000l\000\137\000n\000o\000t\000i\000f\000i\000c\000a\000t\000i\000o\000n\000s}{chapter.21}% 29
\BOOKMARK [1][-]{section.80}{\376\377\004\042\004\065\004\105\004\075\004\076\004\073\004\076\004\063\004\070\004\071\004\075\000\040\004\101\004\102\004\065\004\072\004\070\004\071\004\075\000\040\004\075\004\115\004\063\004\102\004\063\004\115\004\101\004\115\004\075\000\040\004\064\004\257\004\063\004\075\004\115\004\073\004\102}{chapter.21}% 30
\BOOKMARK [1][-]{section.82}{\376\377\004\030\004\066\004\070\004\073\000\040\004\102\004\351\004\101\004\102\004\115\004\071\000\040\004\101\004\070\004\101\004\102\004\065\004\074\004\257\004\257\004\064\004\070\004\071\004\075\000\040\004\064\004\257\004\075\000\040\004\110\004\070\004\075\004\066\004\070\004\073\004\063\004\115\004\115}{chapter.21}% 31
\BOOKMARK [2][-]{subsection.83}{\376\377\004\034\004\076\004\075\004\063\004\076\004\073\000\040\004\103\004\073\004\101\004\113\004\075\000\040\004\106\004\060\004\063\000\040\004\067\004\060\004\105\004\070\004\060\004\073\004\063\004\113\004\075\000\040\004\101\004\070\004\101\004\102\004\065\004\074\004\257\004\257\004\064}{section.82}% 32
\BOOKMARK [2][-]{subsection.84}{\376\377\004\041\004\103\004\064\004\060\004\073\004\063\004\060\004\060\004\075\004\113\000\040\004\064\004\257\004\063\004\075\004\115\004\073\004\102}{section.82}% 33
\BOOKMARK [0][-]{chapter.86}{\376\377\004\041\004\030\004\041\004\042\004\025\004\034\004\030\004\031\004\035\000\040\004\027\004\036\004\045\004\030\004\036\004\035\000\040\004\021\004\020\004\031\004\023\004\043\004\043\004\033\004\020\004\033\004\042\000\040\004\021\004\020\000\040\004\045\004\055\004\040\004\055\004\023\004\026\004\256\004\256\004\033\004\055\004\033\004\042}{}% 34
\BOOKMARK [1][-]{section.87}{\376\377\004\041\004\070\004\101\004\102\004\065\004\074\004\070\004\071\004\075\000\040\004\110\004\060\004\060\004\100\004\064\004\073\004\060\004\063\004\113\004\075\000\040\004\064\004\257\004\075\000\040\004\110\004\070\004\075\004\066\004\070\004\073\004\063\004\115\004\115}{chapter.86}% 35
\BOOKMARK [2][-]{subsection.88}{\376\377\004\044\004\103\004\075\004\072\004\106\004\070\004\076\004\075\004\060\004\073\004\114\000\040\004\110\004\060\004\060\004\100\004\064\004\073\004\060\004\063\004\060}{section.87}% 36
\BOOKMARK [2][-]{subsection.101}{\376\377\004\044\004\103\004\075\004\072\004\106\004\070\004\076\004\075\004\060\004\073\004\114\000\040\004\061\004\103\004\101\000\040\004\110\004\060\004\060\004\100\004\064\004\073\004\060\004\063\004\060}{section.87}% 37
\BOOKMARK [1][-]{section.103}{\376\377\004\041\004\070\004\101\004\102\004\065\004\074\004\070\004\071\004\075\000\040\000U\000M\000L\000\040\004\064\004\070\004\060\004\063\004\100\004\060\004\074\004\074\004\103\004\103\004\064}{chapter.86}% 38
\BOOKMARK [2][-]{subsection.104}{\376\377\000U\000s\000e\000\040\000C\000a\000s\000e\000\040\000D\000i\000a\000g\000r\000a\000m\000\040\000\050\004\045\004\115\004\100\004\115\004\063\004\073\004\115\004\063\004\107\004\070\004\071\004\075\000\040\004\102\004\076\004\105\004\070\004\076\004\073\004\064\004\073\004\113\004\075\000\040\004\064\004\070\004\060\004\063\004\100\004\060\004\074\004\074\000\051}{section.103}% 39
\BOOKMARK [2][-]{subsection.106}{\376\377\004\046\004\060\004\063\000\040\004\067\004\060\004\105\004\070\004\060\004\073\004\060\004\105\000\040\004\257\004\071\004\073\000\040\004\060\004\066\004\070\004\073\004\073\004\060\004\063\004\060\004\060\004\075\004\113\000\040\004\064\004\070\004\060\004\063\004\100\004\060\004\074\004\074\000\040\000\050\000A\000c\000t\000i\000v\000i\000t\000y\000\040\000D\000i\000a\000g\000r\000a\000m\000\051}{section.103}% 40
\BOOKMARK [2][-]{subsection.108}{\376\377\004\027\004\060\004\105\004\070\004\060\004\073\004\063\004\060\000\040\004\257\004\257\004\101\004\063\004\115\004\105\000\040\004\064\004\060\004\100\004\060\004\060\004\073\004\073\004\113\004\075\000\040\004\064\004\070\004\060\004\063\004\100\004\060\004\074\004\074\000\040\000\050\000S\000e\000q\000u\000e\000n\000c\000e\000\040\000D\000i\000a\000g\000r\000a\000m\000\051}{section.103}% 41
\BOOKMARK [2][-]{subsection.110}{\376\377\000E\000m\000a\000i\000l\000\040\004\061\004\060\004\102\004\060\004\073\004\063\004\060\004\060\004\066\004\103\004\103\004\073\004\060\004\073\004\102\004\113\004\075\000\040\004\064\004\060\004\100\004\060\004\060\004\073\004\073\004\113\004\075\000\040\004\064\004\070\004\060\004\063\004\100\004\060\004\074\004\074}{section.103}% 42
\BOOKMARK [2][-]{subsection.112}{\376\377\000F\000i\000r\000e\000s\000t\000o\000r\000e\000\040\004\351\004\063\004\351\004\063\004\064\004\073\004\070\004\071\004\075\000\040\004\101\004\060\004\075\004\063\004\070\004\071\004\075\000\040\004\101\004\105\004\065\004\074\000\040\000\050\000E\000R\000\040\004\024\004\070\004\060\004\063\004\100\004\060\004\074\004\074\000\051}{section.103}% 43
\BOOKMARK [1][-]{section.114}{\376\377\004\041\004\070\004\101\004\102\004\065\004\074\004\070\004\071\004\075\000\040\004\060\004\100\004\105\004\070\004\102\004\065\004\072\004\102\004\103\004\100}{chapter.86}% 44
\BOOKMARK [2][-]{subsection.115}{\376\377\004\025\004\100\004\351\004\075\004\105\004\070\004\071\000\040\004\060\004\100\004\105\004\070\004\102\004\065\004\072\004\102\004\103\004\100}{section.114}% 45
\BOOKMARK [2][-]{subsection.117}{\376\377\004\256\004\257\004\073\004\115\004\075\000\040\004\061\004\060\004\071\004\100\004\110\004\103\004\103\004\073\004\060\004\073\004\102\004\113\004\075\000\040\000\050\000C\000l\000o\000u\000d\000\040\000D\000e\000p\000l\000o\000y\000m\000e\000n\000t\000\051\000\040\004\060\004\100\004\105\004\070\004\102\004\065\004\072\004\102\004\103\004\100}{section.114}% 46
\BOOKMARK [2][-]{subsection.119}{\376\377\000C\000I\000/\000C\000D\000\040\004\045\004\076\004\076\004\073\004\076\004\071\004\075\000\040\004\060\004\100\004\105\004\070\004\102\004\065\004\072\004\102\004\103\004\100\000\040\000\050\000G\000i\000t\000H\000u\000b\000\040\000A\000c\000t\000i\000o\000n\000s\000\051}{section.114}% 47
\BOOKMARK [2][-]{subsection.121}{\376\377\000F\000l\000u\000t\000t\000e\000r\000\040\004\060\004\077\004\077\000-\004\113\004\075\000\040\004\061\004\257\004\102\004\115\004\075\000\040\004\060\004\100\004\105\004\070\004\102\004\065\004\072\004\102\004\103\004\100}{section.114}% 48
\BOOKMARK [2][-]{subsection.123}{\376\377\000A\000P\000I\000\040\000U\000R\000L\000-\004\070\004\071\004\075\000\040\004\075\004\115\004\063\000\040\004\115\004\105\000\040\004\101\004\103\004\100\004\062\004\060\004\073\004\066\000\040\000\050\000l\000i\000b\000/\000c\000o\000n\000f\000i\000g\000.\000d\000a\000r\000t\000\051}{section.114}% 49
\BOOKMARK [1][-]{section.137}{\376\377\004\350\004\063\004\351\004\063\004\064\004\073\004\070\004\071\004\075\000\040\004\101\004\060\004\075\004\063\004\070\004\071\004\075\000\040\004\067\004\076\004\105\004\070\004\076\004\075\000\040\004\061\004\060\004\071\004\063\004\103\004\103\004\073\004\060\004\073\004\102}{chapter.86}% 50
\BOOKMARK [2][-]{subsection.138}{\376\377\000u\000s\000e\000r\000s\000\040\000c\000o\000l\000l\000e\000c\000t\000i\000o\000n}{section.137}% 51
\BOOKMARK [2][-]{subsection.139}{\376\377\000b\000o\000o\000k\000i\000n\000g\000s\000\040\000c\000o\000l\000l\000e\000c\000t\000i\000o\000n}{section.137}% 52
\BOOKMARK [2][-]{subsection.140}{\376\377\000f\000i\000x\000e\000d\000\137\000b\000o\000o\000k\000i\000n\000g\000s\000\040\000c\000o\000l\000l\000e\000c\000t\000i\000o\000n}{section.137}% 53
\BOOKMARK [2][-]{subsection.141}{\376\377\000e\000m\000a\000i\000l\000\137\000v\000e\000r\000i\000f\000i\000c\000a\000t\000i\000o\000n\000s\000\040\000c\000o\000l\000l\000e\000c\000t\000i\000o\000n}{section.137}% 54
\BOOKMARK [2][-]{subsection.142}{\376\377\000H\000a\000r\000d\000c\000o\000d\000e\000d\000\040\004\101\004\077\004\076\004\100\004\102\000\040\004\067\004\060\004\060\004\073\004\075\004\103\004\103\004\064\004\113\004\075\000\040\004\066\004\060\004\063\004\101\004\060\004\060\004\073\004\102}{section.137}% 55
\BOOKMARK [1][-]{section.151}{\376\377\000F\000l\000u\000t\000t\000e\000r\000\040\004\060\004\077\004\077\000-\004\113\004\075\000\040\004\105\004\115\004\100\004\115\004\063\004\066\004\257\004\257\004\073\004\115\004\073\004\102}{chapter.86}% 56
\BOOKMARK [2][-]{subsection.152}{\376\377\004\024\004\103\004\073\004\060\004\060\004\075\000\040\004\063\004\076\004\062\004\070\004\071\004\075\000\040\004\064\004\070\004\067\004\060\004\071\004\075\000\040\000\050\000W\000a\000r\000m\000\040\000D\000e\000s\000e\000r\000t\000\040\000T\000h\000e\000m\000e\000\051}{section.151}% 57
\BOOKMARK [2][-]{subsection.173}{\376\377\0004\000\040\000t\000a\000b\000-\004\102\004\060\004\071\000\040\004\064\004\076\004\076\004\064\000\040\004\075\004\060\004\062\004\070\004\063\004\060\004\106\004\070}{section.151}% 58
\BOOKMARK [2][-]{subsection.212}{\376\377\000E\000m\000a\000i\000l\000/\004\075\004\103\004\103\004\106\000\040\004\257\004\063\004\070\004\071\004\075\000\040\004\075\004\115\004\062\004\102\004\100\004\115\004\073\004\102\000\040\004\061\004\060\000\040\004\061\004\060\004\102\004\060\004\073\004\063\004\060\004\060\004\066\004\103\004\103\004\073\004\060\004\073\004\102}{section.151}% 59
\BOOKMARK [2][-]{subsection.263}{\376\377\004\035\004\257\004\257\004\100\000\040\004\064\004\115\004\073\004\063\004\115\004\106\000\040\040\024\000\040\004\041\004\077\004\076\004\100\004\102\000\040\004\067\004\060\004\060\004\073\004\075\004\103\004\103\004\064\004\113\004\075\000\040\004\066\004\060\004\063\004\101\004\060\004\060\004\073\004\102}{section.151}% 60
\BOOKMARK [2][-]{subsection.265}{\376\377\004\046\004\060\004\063\004\070\004\071\004\075\000\040\004\105\004\103\004\062\004\060\004\060\004\100\004\114\000\040\004\061\004\060\000\040\004\067\004\060\004\105\004\070\004\060\004\073\004\063\004\113\004\075\000\040\004\064\004\115\004\073\004\063\004\115\004\106}{section.151}% 61
\BOOKMARK [2][-]{subsection.330}{\376\377\004\033\004\076\004\072\004\060\004\073\000\040\004\074\004\115\004\064\004\115\004\063\004\064\004\073\004\070\004\071\004\075\000\040\004\105\004\115\004\100\004\115\004\063\004\066\004\257\004\257\004\073\004\115\004\073\004\102}{section.151}% 62
\BOOKMARK [1][-]{section.359}{\376\377\000N\000o\000d\000e\000.\000j\000s\000/\000E\000x\000p\000r\000e\000s\000s\000\040\004\061\004\115\004\072\004\115\004\075\004\064\004\070\004\071\004\075\000\040\004\105\004\115\004\100\004\115\004\063\004\066\004\257\004\257\004\073\004\115\004\073\004\102}{chapter.86}% 63
\BOOKMARK [2][-]{subsection.360}{\376\377\004\021\004\115\004\072\004\115\004\075\004\064\004\070\004\071\004\075\000\040\004\061\004\257\004\102\004\115\004\106}{section.359}% 64
\BOOKMARK [2][-]{subsection.361}{\376\377\004\256\004\075\004\064\004\101\004\115\004\075\000\040\000A\000P\000I\000\040\000e\000n\000d\000p\000o\000i\000n\000t\000-\004\103\004\103\004\064}{section.359}% 65
\BOOKMARK [2][-]{subsection.376}{\376\377\000C\000r\000o\000n\000\040\004\060\004\066\004\070\004\073\000\040\040\024\000\040\004\024\004\103\004\103\004\101\004\063\004\060\004\062\004\060\004\100\000\040\004\061\004\076\004\073\004\101\004\076\004\075\000\040\004\067\004\060\004\105\004\070\004\060\004\073\004\063\004\113\004\063\000\040\004\060\004\062\004\102\004\076\004\074\004\060\004\102\004\060\004\060\004\100\000\040\004\110\004\070\004\075\004\115\004\107\004\073\004\115\004\105}{section.359}% 66
\BOOKMARK [1][-]{section.405}{\376\377\000A\000I\000\040\004\107\004\060\004\102\004\061\004\076\004\102\004\113\004\075\000\040\004\105\004\115\004\100\004\115\004\063\004\066\004\257\004\257\004\073\004\115\004\073\004\102}{chapter.86}% 67
\BOOKMARK [2][-]{subsection.406}{\376\377\004\020\004\100\004\105\004\070\004\102\004\065\004\072\004\102\004\103\004\100\000\040\040\024\000\040\004\256\004\075\004\064\004\101\004\115\004\075\000\040\004\061\004\076\004\073\004\076\004\075\000\040\004\075\004\351\004\351\004\106\000\040\004\063\004\076\004\100\004\070\004\074}{section.405}% 68
\BOOKMARK [2][-]{subsection.409}{\376\377\000F\000i\000r\000e\000b\000a\000s\000e\000\040\000C\000l\000o\000u\000d\000\040\000F\000u\000n\000c\000t\000i\000o\000n\000s\000\040\040\024\000\040\000C\000l\000a\000u\000d\000e\000\040\000H\000a\000i\000k\000u}{section.405}% 69
\BOOKMARK [2][-]{subsection.433}{\376\377\000E\000x\000p\000r\000e\000s\000s\000\040\004\061\004\115\004\072\004\115\004\075\004\064\000\040\040\024\000\040\000G\000r\000o\000q\000\040\000L\000l\000a\000m\000a\000\040\004\075\004\351\004\351\004\106\000\040\004\063\004\076\004\100\004\070\004\074}{section.405}% 70
\BOOKMARK [1][-]{section.460}{\376\377\000D\000o\000c\000k\000e\000r\000\040\004\072\004\076\004\075\004\102\004\065\004\071\004\075\004\065\004\100\004\066\004\103\004\103\004\073\004\060\004\073\004\102\000\040\004\061\004\060\000\040\000A\000W\000S\000\040\004\061\004\060\004\071\004\100\004\110\004\103\004\103\004\073\004\060\004\073\004\102}{chapter.86}% 71
\BOOKMARK [2][-]{subsection.461}{\376\377\000D\000o\000c\000k\000e\000r\000\040\000I\000m\000a\000g\000e}{section.460}% 72
\BOOKMARK [2][-]{subsection.470}{\376\377\000G\000i\000t\000H\000u\000b\000\040\000A\000c\000t\000i\000o\000n\000s\000\040\000C\000I\000/\000C\000D\000\040\000W\000o\000r\000k\000f\000l\000o\000w}{section.460}% 73
\BOOKMARK [1][-]{section.527}{\376\377\004\042\004\103\004\100\004\110\004\070\004\073\004\102\000\040\004\061\004\060\000\040\004\257\004\100\000\040\004\064\004\257\004\075\004\063\004\070\004\071\004\075\000\040\004\257\004\075\004\115\004\073\004\063\004\115\004\115}{chapter.86}% 74
\BOOKMARK [2][-]{subsection.528}{\376\377\004\044\004\103\004\075\004\072\004\106\004\070\004\076\004\075\004\060\004\073\004\114\000\040\004\102\004\103\004\100\004\110\004\070\004\073\004\102}{section.527}% 75
\BOOKMARK [2][-]{subsection.530}{\376\377\004\023\004\257\004\071\004\106\004\115\004\102\004\063\004\115\004\073\004\070\004\071\004\075\000\040\004\105\004\115\004\074\004\066\004\070\004\073\004\102}{section.527}% 76
\BOOKMARK [2][-]{subsection.531}{\376\377\000C\000I\000/\000C\000D\000\040\004\105\004\076\004\076\004\073\004\076\004\071\004\075\000\040\004\102\004\103\004\100\004\110\004\070\004\073\004\102}{section.527}% 77
\BOOKMARK [0][-]{chapter.532}{\376\377\004\041\004\030\004\041\004\042\004\025\004\034\004\030\004\031\004\035\000\040\004\042\004\043\004\040\004\050\004\030\004\033\004\042\000\040\004\021\004\020\000\040\004\256\004\035\004\055\004\033\004\023\004\055\004\055}{}% 78
\BOOKMARK [1][-]{section.533}{\376\377\004\042\004\103\004\100\004\110\004\070\004\073\004\102\004\113\004\075\000\040\004\076\004\100\004\107\004\070\004\075\000,\000\040\004\060\004\100\004\063\004\060\004\107\004\073\004\060\004\073}{chapter.532}% 79
\BOOKMARK [1][-]{section.534}{\376\377\004\044\004\103\004\075\004\072\004\106\004\070\004\076\004\075\004\060\004\073\004\114\000\040\004\102\004\103\004\100\004\110\004\070\004\073\004\102}{chapter.532}% 80
\BOOKMARK [2][-]{subsection.535}{\376\377\004\042\004\103\004\100\004\110\004\070\004\073\004\102\004\113\004\075\000\040\004\102\004\076\004\105\004\070\004\076\004\073\004\064\004\073\004\103\004\103\004\064}{section.534}% 81
\BOOKMARK [2][-]{subsection.536}{\376\377\004\021\004\060\004\071\004\063\004\103\004\103\004\073\004\073\004\060\004\063\004\113\004\075\000\040\004\102\004\076\004\063\004\102\004\074\004\076\004\073\000\040\004\067\004\060\004\105\004\070\004\060\004\073\004\063\004\113\004\075\000\040\004\102\004\103\004\100\004\110\004\070\004\073\004\102}{section.534}% 82
\BOOKMARK [1][-]{section.537}{\376\377\004\035\004\115\004\063\004\102\004\063\004\115\004\073\004\070\004\071\004\075\000\040\004\102\004\103\004\100\004\110\004\070\004\073\004\102}{chapter.532}% 83
\BOOKMARK [1][-]{section.539}{\376\377\004\023\004\257\004\071\004\106\004\115\004\102\004\063\004\115\004\073\004\070\004\071\004\075\000\040\004\102\004\103\004\100\004\110\004\070\004\073\004\102}{chapter.532}% 84
\BOOKMARK [2][-]{subsection.540}{\376\377\004\045\004\060\004\100\004\070\004\103\000\040\004\106\004\060\004\063\004\070\004\071\004\075\000\040\004\105\004\115\004\074\004\066\004\070\004\073\004\102}{section.539}% 85
\BOOKMARK [2][-]{subsection.542}{\376\377\000C\000r\000o\000n\000\040\004\060\004\066\004\073\004\113\004\075\000\040\004\102\004\103\004\100\004\110\004\070\004\073\004\102}{section.539}% 86
\BOOKMARK [1][-]{section.543}{\376\377\004\045\004\115\004\100\004\115\004\063\004\073\004\115\004\105\004\115\004\064\000\040\004\105\004\117\004\073\004\061\004\060\004\100\000\040\004\061\004\060\004\071\004\064\004\073\004\113\004\075\000\040\004\257\004\075\004\115\004\073\004\063\004\115\004\115}{chapter.532}% 87
\BOOKMARK [2][-]{subsection.544}{\376\377\004\045\004\115\004\100\004\115\004\063\004\073\004\115\004\063\004\107\004\070\004\071\004\075\000\040\004\102\004\103\004\100\004\110\004\070\004\073\004\102}{section.543}% 88
\BOOKMARK [2][-]{subsection.551}{\376\377\000U\000I\000/\000U\000X\000\040\004\257\004\075\004\115\004\073\004\063\004\115\004\115}{section.543}% 89
\BOOKMARK [1][-]{section.553}{\376\377\004\020\004\116\004\103\004\073\004\063\004\257\004\071\000\040\004\061\004\060\004\071\004\064\004\073\004\113\004\075\000\040\004\110\004\060\004\073\004\063\004\060\004\073\004\102}{chapter.532}% 90
\BOOKMARK [1][-]{section.555}{\376\377\004\042\004\103\004\100\004\110\004\070\004\073\004\102\004\113\004\075\000\040\004\075\004\115\004\063\004\102\004\063\004\115\004\101\004\115\004\075\000\040\004\064\004\257\004\075}{chapter.532}% 91
\BOOKMARK [0][-]{table.caption.556}{\376\377\004\024\004\257\004\063\004\075\004\115\004\073\004\102}{}% 92
\BOOKMARK [0][-]{appendix.566}{\376\377\004\020\004\077\004\077\004\073\004\070\004\072\004\065\004\071\004\110\004\075\004\070\004\071\000\040\004\064\004\115\004\073\004\063\004\115\004\106\004\070\004\071\004\075\000\040\004\067\004\103\004\100\004\060\004\063\004\073\004\060\004\073}{}% 93
\BOOKMARK [0][-]{appendix.571}{\376\377\004\256\004\075\004\064\004\101\004\115\004\075\000\040\004\102\004\076\004\105\004\070\004\100\004\063\004\076\004\076\004\075\004\113\000\040\004\104\004\060\004\071\004\073\004\103\004\103\004\064}{}% 94
\BOOKMARK [0][-]{lstnumber.662}{\376\377\004\035\004\076\004\074\000\040\004\067\004\257\004\071}{}% 95
